2024-04-05 09:57:26,480 [Worker-1: Loading available Gradle versions] INFO  o.e.b.c.i.u.g.PublishedGradleVersions - Gradle version information cache is up-to-date. Trying to read.
2024-04-05 10:00:40,095 [Worker-39: Enabling Maven Dependency Management] INFO  o.e.m.c.i.l.LifecycleMappingFactory - Using org.maven.ide.eclipse.wtp.WarLifecycleMapping lifecycle mapping for MavenProject: LogFetcher:LogFetcher:0.0.1-SNAPSHOT @ D:\Projects\ProjectLog\Backend\LogFetcher\pom.xml.
2024-04-05 10:00:40,835 [Worker-39: Enabling Maven Dependency Management] INFO  o.e.m.j.i.AbstractJavaProjectConfigurator - Adding source folder /LogFetcher/src/main/java
2024-04-05 10:00:40,837 [Worker-39: Enabling Maven Dependency Management] INFO  o.e.m.j.i.AbstractJavaProjectConfigurator - Adding resource folder /LogFetcher/src/main/resources
2024-04-05 10:00:40,849 [Worker-39: Enabling Maven Dependency Management] INFO  o.e.m.j.i.AbstractJavaProjectConfigurator - Adding source folder /LogFetcher/src/test/java
2024-04-05 10:00:40,850 [Worker-39: Enabling Maven Dependency Management] INFO  o.e.m.j.i.AbstractJavaProjectConfigurator - Adding resource folder /LogFetcher/src/test/resources
2024-04-05 10:00:41,160 [Worker-39: Enabling Maven Dependency Management] INFO  o.e.m.c.i.p.ProjectConfigurationManager - Update started
2024-04-05 10:00:41,445 [Worker-39: Enabling Maven Dependency Management] INFO  o.e.m.c.i.l.LifecycleMappingFactory - Using org.maven.ide.eclipse.wtp.WarLifecycleMapping lifecycle mapping for MavenProject: LogFetcher:LogFetcher:0.0.1-SNAPSHOT @ D:\Projects\ProjectLog\Backend\LogFetcher\pom.xml.
2024-04-05 10:00:41,781 [Worker-39: Enabling Maven Dependency Management] INFO  o.e.m.j.i.AbstractJavaProjectConfigurator - Adding source folder /LogFetcher/src/main/java
2024-04-05 10:00:41,783 [Worker-39: Enabling Maven Dependency Management] INFO  o.e.m.j.i.AbstractJavaProjectConfigurator - Adding resource folder /LogFetcher/src/main/resources
2024-04-05 10:00:41,783 [Worker-39: Enabling Maven Dependency Management] INFO  o.e.m.j.i.AbstractJavaProjectConfigurator - Adding source folder /LogFetcher/src/test/java
2024-04-05 10:00:41,784 [Worker-39: Enabling Maven Dependency Management] INFO  o.e.m.j.i.AbstractJavaProjectConfigurator - Adding resource folder /LogFetcher/src/test/resources
2024-04-05 10:00:41,902 [Worker-39: Enabling Maven Dependency Management] INFO  o.e.m.w.i.f.ResourceFilteringBuildParticipant - Cleaning filtered folder for LogFetcher
2024-04-05 10:00:41,911 [Worker-39: Enabling Maven Dependency Management] INFO  o.e.m.c.i.p.ProjectConfigurationManager - Update completed for 1 poms: local refresh takes 0.00 sec, refresh facades takes 0.00 sec, update config takes 0.00 sec 
2024-04-05 10:00:42,061 [Worker-0: Building] WARN  o.a.m.s.f.DefaultMavenResourcesFiltering - Using platform encoding (Cp1252 actually) to copy filtered resources, i.e. build is platform dependent!
2024-04-05 10:00:42,062 [Worker-0: Building] INFO  o.a.m.s.f.DefaultMavenResourcesFiltering - skip non existing resourceDirectory D:\Projects\ProjectLog\Backend\LogFetcher\src\main\resources
2024-04-05 10:00:42,064 [Worker-0: Building] WARN  o.a.m.s.f.DefaultMavenResourcesFiltering - Using platform encoding (Cp1252 actually) to copy filtered resources, i.e. build is platform dependent!
2024-04-05 10:00:42,065 [Worker-0: Building] INFO  o.a.m.s.f.DefaultMavenResourcesFiltering - skip non existing resourceDirectory D:\Projects\ProjectLog\Backend\LogFetcher\src\test\resources
2024-04-05 10:00:42,066 [Worker-0: Building] INFO  o.e.m.w.i.f.ResourceFilteringBuildParticipant - Changed resources require a complete clean of filtered resources of LogFetcher
2024-04-05 10:00:42,066 [Worker-0: Building] INFO  o.e.m.w.i.f.ResourceFilteringBuildParticipant - Executing resource filtering for LogFetcher
2024-04-05 10:01:30,202 [Worker-18: Building] WARN  o.a.m.s.f.DefaultMavenResourcesFiltering - Using platform encoding (Cp1252 actually) to copy filtered resources, i.e. build is platform dependent!
2024-04-05 10:01:30,204 [Worker-18: Building] INFO  o.a.m.s.f.DefaultMavenResourcesFiltering - skip non existing resourceDirectory D:\Projects\ProjectLog\Backend\LogFetcher\src\main\resources
2024-04-05 10:01:30,206 [Worker-18: Building] WARN  o.a.m.s.f.DefaultMavenResourcesFiltering - Using platform encoding (Cp1252 actually) to copy filtered resources, i.e. build is platform dependent!
2024-04-05 10:01:30,207 [Worker-18: Building] INFO  o.a.m.s.f.DefaultMavenResourcesFiltering - skip non existing resourceDirectory D:\Projects\ProjectLog\Backend\LogFetcher\src\test\resources
2024-04-05 10:04:37,607 [Worker-6: Building] WARN  o.a.m.s.f.DefaultMavenResourcesFiltering - Using platform encoding (Cp1252 actually) to copy filtered resources, i.e. build is platform dependent!
2024-04-05 10:04:37,608 [Worker-6: Building] INFO  o.a.m.s.f.DefaultMavenResourcesFiltering - skip non existing resourceDirectory D:\Projects\ProjectLog\Backend\LogFetcher\src\main\resources
2024-04-05 10:04:37,609 [Worker-6: Building] WARN  o.a.m.s.f.DefaultMavenResourcesFiltering - Using platform encoding (Cp1252 actually) to copy filtered resources, i.e. build is platform dependent!
2024-04-05 10:04:37,610 [Worker-6: Building] INFO  o.a.m.s.f.DefaultMavenResourcesFiltering - skip non existing resourceDirectory D:\Projects\ProjectLog\Backend\LogFetcher\src\test\resources
2024-04-05 10:06:20,340 [Worker-6: Building] WARN  o.a.m.s.f.DefaultMavenResourcesFiltering - Using platform encoding (Cp1252 actually) to copy filtered resources, i.e. build is platform dependent!
2024-04-05 10:06:20,341 [Worker-6: Building] INFO  o.a.m.s.f.DefaultMavenResourcesFiltering - skip non existing resourceDirectory D:\Projects\ProjectLog\Backend\LogFetcher\src\main\resources
2024-04-05 10:06:20,342 [Worker-6: Building] WARN  o.a.m.s.f.DefaultMavenResourcesFiltering - Using platform encoding (Cp1252 actually) to copy filtered resources, i.e. build is platform dependent!
2024-04-05 10:06:20,343 [Worker-6: Building] INFO  o.a.m.s.f.DefaultMavenResourcesFiltering - skip non existing resourceDirectory D:\Projects\ProjectLog\Backend\LogFetcher\src\test\resources
2024-04-05 10:06:46,534 [Worker-6: Building] WARN  o.a.m.s.f.DefaultMavenResourcesFiltering - Using platform encoding (Cp1252 actually) to copy filtered resources, i.e. build is platform dependent!
2024-04-05 10:06:46,535 [Worker-6: Building] INFO  o.a.m.s.f.DefaultMavenResourcesFiltering - skip non existing resourceDirectory D:\Projects\ProjectLog\Backend\LogFetcher\src\main\resources
2024-04-05 10:06:46,536 [Worker-6: Building] WARN  o.a.m.s.f.DefaultMavenResourcesFiltering - Using platform encoding (Cp1252 actually) to copy filtered resources, i.e. build is platform dependent!
2024-04-05 10:06:46,538 [Worker-6: Building] INFO  o.a.m.s.f.DefaultMavenResourcesFiltering - skip non existing resourceDirectory D:\Projects\ProjectLog\Backend\LogFetcher\src\test\resources
2024-04-05 10:08:11,993 [Worker-42: Building] WARN  o.a.m.s.f.DefaultMavenResourcesFiltering - Using platform encoding (Cp1252 actually) to copy filtered resources, i.e. build is platform dependent!
2024-04-05 10:08:11,994 [Worker-42: Building] INFO  o.a.m.s.f.DefaultMavenResourcesFiltering - skip non existing resourceDirectory D:\Projects\ProjectLog\Backend\LogFetcher\src\main\resources
2024-04-05 10:08:11,995 [Worker-42: Building] WARN  o.a.m.s.f.DefaultMavenResourcesFiltering - Using platform encoding (Cp1252 actually) to copy filtered resources, i.e. build is platform dependent!
2024-04-05 10:08:11,996 [Worker-42: Building] INFO  o.a.m.s.f.DefaultMavenResourcesFiltering - skip non existing resourceDirectory D:\Projects\ProjectLog\Backend\LogFetcher\src\test\resources
2024-04-05 15:17:06,891 [Worker-93: Building] WARN  o.a.m.s.f.DefaultMavenResourcesFiltering - Using platform encoding (Cp1252 actually) to copy filtered resources, i.e. build is platform dependent!
2024-04-05 15:17:06,904 [Worker-93: Building] INFO  o.a.m.s.f.DefaultMavenResourcesFiltering - skip non existing resourceDirectory D:\Projects\ProjectLog\Backend\LogFetcher\src\main\resources
2024-04-05 15:17:06,907 [Worker-93: Building] WARN  o.a.m.s.f.DefaultMavenResourcesFiltering - Using platform encoding (Cp1252 actually) to copy filtered resources, i.e. build is platform dependent!
2024-04-05 15:17:06,910 [Worker-93: Building] INFO  o.a.m.s.f.DefaultMavenResourcesFiltering - skip non existing resourceDirectory D:\Projects\ProjectLog\Backend\LogFetcher\src\test\resources
2024-04-05 15:24:32,828 [Worker-92: Building] WARN  o.a.m.s.f.DefaultMavenResourcesFiltering - Using platform encoding (Cp1252 actually) to copy filtered resources, i.e. build is platform dependent!
2024-04-05 15:24:32,830 [Worker-92: Building] INFO  o.a.m.s.f.DefaultMavenResourcesFiltering - skip non existing resourceDirectory D:\Projects\ProjectLog\Backend\LogFetcher\src\main\resources
2024-04-05 15:24:32,832 [Worker-92: Building] WARN  o.a.m.s.f.DefaultMavenResourcesFiltering - Using platform encoding (Cp1252 actually) to copy filtered resources, i.e. build is platform dependent!
2024-04-05 15:24:32,835 [Worker-92: Building] INFO  o.a.m.s.f.DefaultMavenResourcesFiltering - skip non existing resourceDirectory D:\Projects\ProjectLog\Backend\LogFetcher\src\test\resources
2024-04-05 15:25:31,877 [Worker-100: Building] WARN  o.a.m.s.f.DefaultMavenResourcesFiltering - Using platform encoding (Cp1252 actually) to copy filtered resources, i.e. build is platform dependent!
2024-04-05 15:25:31,879 [Worker-100: Building] INFO  o.a.m.s.f.DefaultMavenResourcesFiltering - skip non existing resourceDirectory D:\Projects\ProjectLog\Backend\LogFetcher\src\main\resources
2024-04-05 15:25:31,880 [Worker-100: Building] WARN  o.a.m.s.f.DefaultMavenResourcesFiltering - Using platform encoding (Cp1252 actually) to copy filtered resources, i.e. build is platform dependent!
2024-04-05 15:25:31,882 [Worker-100: Building] INFO  o.a.m.s.f.DefaultMavenResourcesFiltering - skip non existing resourceDirectory D:\Projects\ProjectLog\Backend\LogFetcher\src\test\resources
2024-04-05 15:25:34,966 [Worker-93: Building] WARN  o.a.m.s.f.DefaultMavenResourcesFiltering - Using platform encoding (Cp1252 actually) to copy filtered resources, i.e. build is platform dependent!
2024-04-05 15:25:34,967 [Worker-93: Building] INFO  o.a.m.s.f.DefaultMavenResourcesFiltering - skip non existing resourceDirectory D:\Projects\ProjectLog\Backend\LogFetcher\src\main\resources
2024-04-05 15:25:34,968 [Worker-93: Building] WARN  o.a.m.s.f.DefaultMavenResourcesFiltering - Using platform encoding (Cp1252 actually) to copy filtered resources, i.e. build is platform dependent!
2024-04-05 15:25:34,970 [Worker-93: Building] INFO  o.a.m.s.f.DefaultMavenResourcesFiltering - skip non existing resourceDirectory D:\Projects\ProjectLog\Backend\LogFetcher\src\test\resources
2024-04-05 15:25:54,465 [Worker-93: Building] WARN  o.a.m.s.f.DefaultMavenResourcesFiltering - Using platform encoding (Cp1252 actually) to copy filtered resources, i.e. build is platform dependent!
2024-04-05 15:25:54,467 [Worker-93: Building] INFO  o.a.m.s.f.DefaultMavenResourcesFiltering - skip non existing resourceDirectory D:\Projects\ProjectLog\Backend\LogFetcher\src\main\resources
2024-04-05 15:25:54,470 [Worker-93: Building] WARN  o.a.m.s.f.DefaultMavenResourcesFiltering - Using platform encoding (Cp1252 actually) to copy filtered resources, i.e. build is platform dependent!
2024-04-05 15:25:54,472 [Worker-93: Building] INFO  o.a.m.s.f.DefaultMavenResourcesFiltering - skip non existing resourceDirectory D:\Projects\ProjectLog\Backend\LogFetcher\src\test\resources
2024-04-05 15:26:34,028 [Worker-93: Building] WARN  o.a.m.s.f.DefaultMavenResourcesFiltering - Using platform encoding (Cp1252 actually) to copy filtered resources, i.e. build is platform dependent!
2024-04-05 15:26:34,030 [Worker-93: Building] INFO  o.a.m.s.f.DefaultMavenResourcesFiltering - skip non existing resourceDirectory D:\Projects\ProjectLog\Backend\LogFetcher\src\main\resources
2024-04-05 15:26:34,031 [Worker-93: Building] WARN  o.a.m.s.f.DefaultMavenResourcesFiltering - Using platform encoding (Cp1252 actually) to copy filtered resources, i.e. build is platform dependent!
2024-04-05 15:26:34,034 [Worker-93: Building] INFO  o.a.m.s.f.DefaultMavenResourcesFiltering - skip non existing resourceDirectory D:\Projects\ProjectLog\Backend\LogFetcher\src\test\resources
2024-04-05 15:29:06,430 [Worker-103: Building] INFO  o.e.m.c.i.l.LifecycleMappingFactory - Using org.maven.ide.eclipse.wtp.WarLifecycleMapping lifecycle mapping for MavenProject: LogFetcher:LogFetcher:0.0.1-SNAPSHOT @ D:\Projects\ProjectLog\Backend\LogFetcher\pom.xml.
2024-04-05 15:29:06,984 [Worker-103: Building] WARN  o.a.m.s.f.DefaultMavenResourcesFiltering - Using platform encoding (Cp1252 actually) to copy filtered resources, i.e. build is platform dependent!
2024-04-05 15:29:06,985 [Worker-103: Building] INFO  o.a.m.s.f.DefaultMavenResourcesFiltering - skip non existing resourceDirectory D:\Projects\ProjectLog\Backend\LogFetcher\src\main\resources
2024-04-05 15:29:06,990 [Worker-103: Building] WARN  o.a.m.s.f.DefaultMavenResourcesFiltering - Using platform encoding (Cp1252 actually) to copy filtered resources, i.e. build is platform dependent!
2024-04-05 15:29:06,992 [Worker-103: Building] INFO  o.a.m.s.f.DefaultMavenResourcesFiltering - skip non existing resourceDirectory D:\Projects\ProjectLog\Backend\LogFetcher\src\test\resources
2024-04-05 15:29:06,993 [Worker-103: Building] INFO  o.e.m.w.i.f.ResourceFilteringBuildParticipant - Changed resources require a complete clean of filtered resources of LogFetcher
2024-04-05 15:29:06,993 [Worker-103: Building] INFO  o.e.m.w.i.f.ResourceFilteringBuildParticipant - Executing resource filtering for LogFetcher
2024-04-05 15:42:09,069 [Worker-108: Building] WARN  o.a.m.s.f.DefaultMavenResourcesFiltering - Using platform encoding (Cp1252 actually) to copy filtered resources, i.e. build is platform dependent!
2024-04-05 15:42:09,071 [Worker-108: Building] INFO  o.a.m.s.f.DefaultMavenResourcesFiltering - skip non existing resourceDirectory D:\Projects\ProjectLog\Backend\LogFetcher\src\main\resources
2024-04-05 15:42:09,072 [Worker-108: Building] WARN  o.a.m.s.f.DefaultMavenResourcesFiltering - Using platform encoding (Cp1252 actually) to copy filtered resources, i.e. build is platform dependent!
2024-04-05 15:42:09,074 [Worker-108: Building] INFO  o.a.m.s.f.DefaultMavenResourcesFiltering - skip non existing resourceDirectory D:\Projects\ProjectLog\Backend\LogFetcher\src\test\resources
2024-04-05 15:52:53,377 [Worker-117: Building] WARN  o.a.m.s.f.DefaultMavenResourcesFiltering - Using platform encoding (Cp1252 actually) to copy filtered resources, i.e. build is platform dependent!
2024-04-05 15:52:53,379 [Worker-117: Building] INFO  o.a.m.s.f.DefaultMavenResourcesFiltering - skip non existing resourceDirectory D:\Projects\ProjectLog\Backend\LogFetcher\src\main\resources
2024-04-05 15:52:53,380 [Worker-117: Building] WARN  o.a.m.s.f.DefaultMavenResourcesFiltering - Using platform encoding (Cp1252 actually) to copy filtered resources, i.e. build is platform dependent!
2024-04-05 15:52:53,381 [Worker-117: Building] INFO  o.a.m.s.f.DefaultMavenResourcesFiltering - skip non existing resourceDirectory D:\Projects\ProjectLog\Backend\LogFetcher\src\test\resources
2024-04-05 15:53:25,558 [Worker-114: Building] WARN  o.a.m.s.f.DefaultMavenResourcesFiltering - Using platform encoding (Cp1252 actually) to copy filtered resources, i.e. build is platform dependent!
2024-04-05 15:53:25,559 [Worker-114: Building] INFO  o.a.m.s.f.DefaultMavenResourcesFiltering - skip non existing resourceDirectory D:\Projects\ProjectLog\Backend\LogFetcher\src\main\resources
2024-04-05 15:53:25,561 [Worker-114: Building] WARN  o.a.m.s.f.DefaultMavenResourcesFiltering - Using platform encoding (Cp1252 actually) to copy filtered resources, i.e. build is platform dependent!
2024-04-05 15:53:25,562 [Worker-114: Building] INFO  o.a.m.s.f.DefaultMavenResourcesFiltering - skip non existing resourceDirectory D:\Projects\ProjectLog\Backend\LogFetcher\src\test\resources
2024-04-05 15:57:26,691 [Worker-122: Building] INFO  o.e.m.c.i.l.LifecycleMappingFactory - Using org.maven.ide.eclipse.wtp.WarLifecycleMapping lifecycle mapping for MavenProject: LogFetcher:LogFetcher:0.0.1-SNAPSHOT @ D:\Projects\ProjectLog\Backend\LogFetcher\pom.xml.
2024-04-05 15:57:27,098 [Worker-122: Building] WARN  o.a.m.s.f.DefaultMavenResourcesFiltering - Using platform encoding (Cp1252 actually) to copy filtered resources, i.e. build is platform dependent!
2024-04-05 15:57:27,099 [Worker-122: Building] INFO  o.a.m.s.f.DefaultMavenResourcesFiltering - skip non existing resourceDirectory D:\Projects\ProjectLog\Backend\LogFetcher\src\main\resources
2024-04-05 15:57:27,105 [Worker-122: Building] WARN  o.a.m.s.f.DefaultMavenResourcesFiltering - Using platform encoding (Cp1252 actually) to copy filtered resources, i.e. build is platform dependent!
2024-04-05 15:57:27,108 [Worker-122: Building] INFO  o.a.m.s.f.DefaultMavenResourcesFiltering - skip non existing resourceDirectory D:\Projects\ProjectLog\Backend\LogFetcher\src\test\resources
2024-04-05 15:57:27,110 [Worker-122: Building] INFO  o.e.m.w.i.f.ResourceFilteringBuildParticipant - Changed resources require a complete clean of filtered resources of LogFetcher
2024-04-05 15:57:27,110 [Worker-122: Building] INFO  o.e.m.w.i.f.ResourceFilteringBuildParticipant - Executing resource filtering for LogFetcher
2024-04-05 16:13:07,496 [Worker-125: Building] WARN  o.a.m.s.f.DefaultMavenResourcesFiltering - Using platform encoding (Cp1252 actually) to copy filtered resources, i.e. build is platform dependent!
2024-04-05 16:13:07,497 [Worker-125: Building] INFO  o.a.m.s.f.DefaultMavenResourcesFiltering - skip non existing resourceDirectory D:\Projects\ProjectLog\Backend\LogFetcher\src\main\resources
2024-04-05 16:13:07,498 [Worker-125: Building] WARN  o.a.m.s.f.DefaultMavenResourcesFiltering - Using platform encoding (Cp1252 actually) to copy filtered resources, i.e. build is platform dependent!
2024-04-05 16:13:07,499 [Worker-125: Building] INFO  o.a.m.s.f.DefaultMavenResourcesFiltering - skip non existing resourceDirectory D:\Projects\ProjectLog\Backend\LogFetcher\src\test\resources
2024-04-05 16:31:26,720 [Worker-134: Building] WARN  o.a.m.s.f.DefaultMavenResourcesFiltering - Using platform encoding (Cp1252 actually) to copy filtered resources, i.e. build is platform dependent!
2024-04-05 16:31:26,721 [Worker-134: Building] INFO  o.a.m.s.f.DefaultMavenResourcesFiltering - skip non existing resourceDirectory D:\Projects\ProjectLog\Backend\LogFetcher\src\main\resources
2024-04-05 16:31:26,722 [Worker-134: Building] WARN  o.a.m.s.f.DefaultMavenResourcesFiltering - Using platform encoding (Cp1252 actually) to copy filtered resources, i.e. build is platform dependent!
2024-04-05 16:31:26,723 [Worker-134: Building] INFO  o.a.m.s.f.DefaultMavenResourcesFiltering - skip non existing resourceDirectory D:\Projects\ProjectLog\Backend\LogFetcher\src\test\resources
2024-04-05 16:37:21,465 [Worker-139: Building] WARN  o.a.m.s.f.DefaultMavenResourcesFiltering - Using platform encoding (Cp1252 actually) to copy filtered resources, i.e. build is platform dependent!
2024-04-05 16:37:21,466 [Worker-139: Building] INFO  o.a.m.s.f.DefaultMavenResourcesFiltering - skip non existing resourceDirectory D:\Projects\ProjectLog\Backend\LogFetcher\src\main\resources
2024-04-05 16:37:21,468 [Worker-139: Building] WARN  o.a.m.s.f.DefaultMavenResourcesFiltering - Using platform encoding (Cp1252 actually) to copy filtered resources, i.e. build is platform dependent!
2024-04-05 16:37:21,469 [Worker-139: Building] INFO  o.a.m.s.f.DefaultMavenResourcesFiltering - skip non existing resourceDirectory D:\Projects\ProjectLog\Backend\LogFetcher\src\test\resources
2024-04-05 16:46:39,137 [Worker-147: Building] WARN  o.a.m.s.f.DefaultMavenResourcesFiltering - Using platform encoding (Cp1252 actually) to copy filtered resources, i.e. build is platform dependent!
2024-04-05 16:46:39,139 [Worker-147: Building] INFO  o.a.m.s.f.DefaultMavenResourcesFiltering - skip non existing resourceDirectory D:\Projects\ProjectLog\Backend\LogFetcher\src\main\resources
2024-04-05 16:46:39,140 [Worker-147: Building] WARN  o.a.m.s.f.DefaultMavenResourcesFiltering - Using platform encoding (Cp1252 actually) to copy filtered resources, i.e. build is platform dependent!
2024-04-05 16:46:39,141 [Worker-147: Building] INFO  o.a.m.s.f.DefaultMavenResourcesFiltering - skip non existing resourceDirectory D:\Projects\ProjectLog\Backend\LogFetcher\src\test\resources
2024-04-05 16:47:43,376 [Worker-140: Building] INFO  o.e.m.c.i.l.LifecycleMappingFactory - Using org.maven.ide.eclipse.wtp.WarLifecycleMapping lifecycle mapping for MavenProject: LogFetcher:LogFetcher:0.0.1-SNAPSHOT @ D:\Projects\ProjectLog\Backend\LogFetcher\pom.xml.
2024-04-05 16:47:44,270 [Worker-140: Building] WARN  o.a.m.s.f.DefaultMavenResourcesFiltering - Using platform encoding (Cp1252 actually) to copy filtered resources, i.e. build is platform dependent!
2024-04-05 16:47:44,271 [Worker-140: Building] INFO  o.a.m.s.f.DefaultMavenResourcesFiltering - skip non existing resourceDirectory D:\Projects\ProjectLog\Backend\LogFetcher\src\main\resources
2024-04-05 16:47:44,273 [Worker-140: Building] WARN  o.a.m.s.f.DefaultMavenResourcesFiltering - Using platform encoding (Cp1252 actually) to copy filtered resources, i.e. build is platform dependent!
2024-04-05 16:47:44,274 [Worker-140: Building] INFO  o.a.m.s.f.DefaultMavenResourcesFiltering - skip non existing resourceDirectory D:\Projects\ProjectLog\Backend\LogFetcher\src\test\resources
2024-04-05 16:47:44,274 [Worker-140: Building] INFO  o.e.m.w.i.f.ResourceFilteringBuildParticipant - Changed resources require a complete clean of filtered resources of LogFetcher
2024-04-05 16:47:44,274 [Worker-140: Building] INFO  o.e.m.w.i.f.ResourceFilteringBuildParticipant - Executing resource filtering for LogFetcher
2024-04-05 16:47:45,642 [Worker-150: Download sources and javadoc] INFO  o.e.m.c.i.e.AbstractTransferListenerAdapter - Downloading https://repo.maven.apache.org/maven2/org/elasticsearch/elasticsearch/7.17.19/elasticsearch-7.17.19-sources.jar
2024-04-05 16:48:11,007 [Worker-150: Download sources and javadoc] INFO  o.e.m.c.i.e.AbstractTransferListenerAdapter - Downloaded https://repo.maven.apache.org/maven2/org/elasticsearch/elasticsearch/7.17.19/elasticsearch-7.17.19-sources.jar
2024-04-05 16:48:11,015 [Worker-150: Download sources and javadoc] INFO  o.e.m.j.internal.DownloadSourcesJob - Downloaded sources for org.elasticsearch:elasticsearch:7.17.19
2024-04-05 16:48:11,562 [Worker-150: Download sources and javadoc] INFO  o.e.m.c.i.e.AbstractTransferListenerAdapter - Downloading https://repo.maven.apache.org/maven2/org/elasticsearch/elasticsearch-core/7.17.19/elasticsearch-core-7.17.19-sources.jar
2024-04-05 16:48:12,147 [Worker-150: Download sources and javadoc] INFO  o.e.m.c.i.e.AbstractTransferListenerAdapter - Downloaded https://repo.maven.apache.org/maven2/org/elasticsearch/elasticsearch-core/7.17.19/elasticsearch-core-7.17.19-sources.jar
2024-04-05 16:48:12,152 [Worker-150: Download sources and javadoc] INFO  o.e.m.j.internal.DownloadSourcesJob - Downloaded sources for org.elasticsearch:elasticsearch-core:7.17.19
2024-04-05 16:48:12,227 [Worker-150: Download sources and javadoc] INFO  o.e.m.c.i.e.AbstractTransferListenerAdapter - Downloading https://repo.maven.apache.org/maven2/org/elasticsearch/elasticsearch-secure-sm/7.17.19/elasticsearch-secure-sm-7.17.19-sources.jar
2024-04-05 16:48:12,237 [Worker-150: Download sources and javadoc] INFO  o.e.m.c.i.e.AbstractTransferListenerAdapter - Downloaded https://repo.maven.apache.org/maven2/org/elasticsearch/elasticsearch-secure-sm/7.17.19/elasticsearch-secure-sm-7.17.19-sources.jar
2024-04-05 16:48:12,242 [Worker-150: Download sources and javadoc] INFO  o.e.m.j.internal.DownloadSourcesJob - Downloaded sources for org.elasticsearch:elasticsearch-secure-sm:7.17.19
2024-04-05 16:48:12,535 [Worker-150: Download sources and javadoc] INFO  o.e.m.c.i.e.AbstractTransferListenerAdapter - Downloading https://repo.maven.apache.org/maven2/org/elasticsearch/elasticsearch-x-content/7.17.19/elasticsearch-x-content-7.17.19-sources.jar
2024-04-05 16:48:13,019 [Worker-150: Download sources and javadoc] INFO  o.e.m.c.i.e.AbstractTransferListenerAdapter - Downloaded https://repo.maven.apache.org/maven2/org/elasticsearch/elasticsearch-x-content/7.17.19/elasticsearch-x-content-7.17.19-sources.jar
2024-04-05 16:48:13,024 [Worker-150: Download sources and javadoc] INFO  o.e.m.j.internal.DownloadSourcesJob - Downloaded sources for org.elasticsearch:elasticsearch-x-content:7.17.19
2024-04-05 16:48:13,732 [Worker-150: Download sources and javadoc] INFO  o.e.m.c.i.e.AbstractTransferListenerAdapter - Downloading https://repo.maven.apache.org/maven2/org/yaml/snakeyaml/1.33/snakeyaml-1.33-sources.jar
2024-04-05 16:48:15,989 [Worker-150: Download sources and javadoc] INFO  o.e.m.c.i.e.AbstractTransferListenerAdapter - Downloaded https://repo.maven.apache.org/maven2/org/yaml/snakeyaml/1.33/snakeyaml-1.33-sources.jar
2024-04-05 16:48:15,993 [Worker-150: Download sources and javadoc] INFO  o.e.m.j.internal.DownloadSourcesJob - Downloaded sources for org.yaml:snakeyaml:1.33
2024-04-05 16:48:16,110 [Worker-150: Download sources and javadoc] INFO  o.e.m.c.i.e.AbstractTransferListenerAdapter - Downloading https://repo.maven.apache.org/maven2/com/fasterxml/jackson/core/jackson-core/2.14.2/jackson-core-2.14.2-sources.jar
2024-04-05 16:48:16,221 [Worker-150: Download sources and javadoc] INFO  o.e.m.c.i.e.AbstractTransferListenerAdapter - Downloaded https://repo.maven.apache.org/maven2/com/fasterxml/jackson/core/jackson-core/2.14.2/jackson-core-2.14.2-sources.jar
2024-04-05 16:48:16,229 [Worker-150: Download sources and javadoc] INFO  o.e.m.j.internal.DownloadSourcesJob - Downloaded sources for com.fasterxml.jackson.core:jackson-core:2.14.2
2024-04-05 16:48:16,382 [Worker-150: Download sources and javadoc] INFO  o.e.m.c.i.e.AbstractTransferListenerAdapter - Downloading https://repo.maven.apache.org/maven2/com/fasterxml/jackson/dataformat/jackson-dataformat-smile/2.14.2/jackson-dataformat-smile-2.14.2-sources.jar
2024-04-05 16:48:16,912 [Worker-150: Download sources and javadoc] INFO  o.e.m.c.i.e.AbstractTransferListenerAdapter - Downloaded https://repo.maven.apache.org/maven2/com/fasterxml/jackson/dataformat/jackson-dataformat-smile/2.14.2/jackson-dataformat-smile-2.14.2-sources.jar
2024-04-05 16:48:16,918 [Worker-150: Download sources and javadoc] INFO  o.e.m.j.internal.DownloadSourcesJob - Downloaded sources for com.fasterxml.jackson.dataformat:jackson-dataformat-smile:2.14.2
2024-04-05 16:48:17,084 [Worker-150: Download sources and javadoc] INFO  o.e.m.c.i.e.AbstractTransferListenerAdapter - Downloading https://repo.maven.apache.org/maven2/com/fasterxml/jackson/dataformat/jackson-dataformat-yaml/2.14.2/jackson-dataformat-yaml-2.14.2-sources.jar
2024-04-05 16:48:17,112 [Worker-150: Download sources and javadoc] INFO  o.e.m.c.i.e.AbstractTransferListenerAdapter - Downloaded https://repo.maven.apache.org/maven2/com/fasterxml/jackson/dataformat/jackson-dataformat-yaml/2.14.2/jackson-dataformat-yaml-2.14.2-sources.jar
2024-04-05 16:48:17,116 [Worker-150: Download sources and javadoc] INFO  o.e.m.j.internal.DownloadSourcesJob - Downloaded sources for com.fasterxml.jackson.dataformat:jackson-dataformat-yaml:2.14.2
2024-04-05 16:48:17,231 [Worker-150: Download sources and javadoc] INFO  o.e.m.c.i.e.AbstractTransferListenerAdapter - Downloading https://repo.maven.apache.org/maven2/com/fasterxml/jackson/dataformat/jackson-dataformat-cbor/2.14.2/jackson-dataformat-cbor-2.14.2-sources.jar
2024-04-05 16:48:17,267 [Worker-150: Download sources and javadoc] INFO  o.e.m.c.i.e.AbstractTransferListenerAdapter - Downloaded https://repo.maven.apache.org/maven2/com/fasterxml/jackson/dataformat/jackson-dataformat-cbor/2.14.2/jackson-dataformat-cbor-2.14.2-sources.jar
2024-04-05 16:48:17,272 [Worker-150: Download sources and javadoc] INFO  o.e.m.j.internal.DownloadSourcesJob - Downloaded sources for com.fasterxml.jackson.dataformat:jackson-dataformat-cbor:2.14.2
2024-04-05 16:48:17,392 [Worker-150: Download sources and javadoc] INFO  o.e.m.c.i.e.AbstractTransferListenerAdapter - Downloading https://repo.maven.apache.org/maven2/org/elasticsearch/elasticsearch-geo/7.17.19/elasticsearch-geo-7.17.19-sources.jar
2024-04-05 16:48:17,416 [Worker-150: Download sources and javadoc] INFO  o.e.m.c.i.e.AbstractTransferListenerAdapter - Downloaded https://repo.maven.apache.org/maven2/org/elasticsearch/elasticsearch-geo/7.17.19/elasticsearch-geo-7.17.19-sources.jar
2024-04-05 16:48:17,422 [Worker-150: Download sources and javadoc] INFO  o.e.m.j.internal.DownloadSourcesJob - Downloaded sources for org.elasticsearch:elasticsearch-geo:7.17.19
2024-04-05 16:48:17,561 [Worker-150: Download sources and javadoc] INFO  o.e.m.c.i.e.AbstractTransferListenerAdapter - Downloading https://repo.maven.apache.org/maven2/org/elasticsearch/elasticsearch-lz4/7.17.19/elasticsearch-lz4-7.17.19-sources.jar
2024-04-05 16:48:17,572 [Worker-150: Download sources and javadoc] INFO  o.e.m.c.i.e.AbstractTransferListenerAdapter - Downloaded https://repo.maven.apache.org/maven2/org/elasticsearch/elasticsearch-lz4/7.17.19/elasticsearch-lz4-7.17.19-sources.jar
2024-04-05 16:48:17,576 [Worker-150: Download sources and javadoc] INFO  o.e.m.j.internal.DownloadSourcesJob - Downloaded sources for org.elasticsearch:elasticsearch-lz4:7.17.19
2024-04-05 16:48:17,997 [Worker-150: Download sources and javadoc] INFO  o.e.m.c.i.e.AbstractTransferListenerAdapter - Downloading https://repo.maven.apache.org/maven2/org/lz4/lz4-java/1.8.0/lz4-java-1.8.0-sources.jar
2024-04-05 16:48:18,287 [Worker-150: Download sources and javadoc] INFO  o.e.m.c.i.e.AbstractTransferListenerAdapter - Downloaded https://repo.maven.apache.org/maven2/org/lz4/lz4-java/1.8.0/lz4-java-1.8.0-sources.jar
2024-04-05 16:48:18,292 [Worker-150: Download sources and javadoc] INFO  o.e.m.j.internal.DownloadSourcesJob - Downloaded sources for org.lz4:lz4-java:1.8.0
2024-04-05 16:48:18,474 [Worker-150: Download sources and javadoc] INFO  o.e.m.c.i.e.AbstractTransferListenerAdapter - Downloading https://repo.maven.apache.org/maven2/org/apache/lucene/lucene-core/8.11.3/lucene-core-8.11.3-sources.jar
2024-04-05 16:48:19,492 [Worker-150: Download sources and javadoc] INFO  o.e.m.c.i.e.AbstractTransferListenerAdapter - Downloaded https://repo.maven.apache.org/maven2/org/apache/lucene/lucene-core/8.11.3/lucene-core-8.11.3-sources.jar
2024-04-05 16:48:19,498 [Worker-150: Download sources and javadoc] INFO  o.e.m.j.internal.DownloadSourcesJob - Downloaded sources for org.apache.lucene:lucene-core:8.11.3
2024-04-05 16:48:19,597 [Worker-150: Download sources and javadoc] INFO  o.e.m.c.i.e.AbstractTransferListenerAdapter - Downloading https://repo.maven.apache.org/maven2/org/apache/lucene/lucene-analyzers-common/8.11.3/lucene-analyzers-common-8.11.3-sources.jar
2024-04-05 16:48:20,674 [Worker-150: Download sources and javadoc] INFO  o.e.m.c.i.e.AbstractTransferListenerAdapter - Downloaded https://repo.maven.apache.org/maven2/org/apache/lucene/lucene-analyzers-common/8.11.3/lucene-analyzers-common-8.11.3-sources.jar
2024-04-05 16:48:20,678 [Worker-150: Download sources and javadoc] INFO  o.e.m.j.internal.DownloadSourcesJob - Downloaded sources for org.apache.lucene:lucene-analyzers-common:8.11.3
2024-04-05 16:48:20,820 [Worker-150: Download sources and javadoc] INFO  o.e.m.c.i.e.AbstractTransferListenerAdapter - Downloading https://repo.maven.apache.org/maven2/org/apache/lucene/lucene-backward-codecs/8.11.3/lucene-backward-codecs-8.11.3-sources.jar
2024-04-05 16:48:20,892 [Worker-150: Download sources and javadoc] INFO  o.e.m.c.i.e.AbstractTransferListenerAdapter - Downloaded https://repo.maven.apache.org/maven2/org/apache/lucene/lucene-backward-codecs/8.11.3/lucene-backward-codecs-8.11.3-sources.jar
2024-04-05 16:48:20,897 [Worker-150: Download sources and javadoc] INFO  o.e.m.j.internal.DownloadSourcesJob - Downloaded sources for org.apache.lucene:lucene-backward-codecs:8.11.3
2024-04-05 16:48:21,027 [Worker-150: Download sources and javadoc] INFO  o.e.m.c.i.e.AbstractTransferListenerAdapter - Downloading https://repo.maven.apache.org/maven2/org/apache/lucene/lucene-grouping/8.11.3/lucene-grouping-8.11.3-sources.jar
2024-04-05 16:48:21,065 [Worker-150: Download sources and javadoc] INFO  o.e.m.c.i.e.AbstractTransferListenerAdapter - Downloaded https://repo.maven.apache.org/maven2/org/apache/lucene/lucene-grouping/8.11.3/lucene-grouping-8.11.3-sources.jar
2024-04-05 16:48:21,071 [Worker-150: Download sources and javadoc] INFO  o.e.m.j.internal.DownloadSourcesJob - Downloaded sources for org.apache.lucene:lucene-grouping:8.11.3
2024-04-05 16:48:21,187 [Worker-150: Download sources and javadoc] INFO  o.e.m.c.i.e.AbstractTransferListenerAdapter - Downloading https://repo.maven.apache.org/maven2/org/apache/lucene/lucene-highlighter/8.11.3/lucene-highlighter-8.11.3-sources.jar
2024-04-05 16:48:21,332 [Worker-150: Download sources and javadoc] INFO  o.e.m.c.i.e.AbstractTransferListenerAdapter - Downloaded https://repo.maven.apache.org/maven2/org/apache/lucene/lucene-highlighter/8.11.3/lucene-highlighter-8.11.3-sources.jar
2024-04-05 16:48:21,338 [Worker-150: Download sources and javadoc] INFO  o.e.m.j.internal.DownloadSourcesJob - Downloaded sources for org.apache.lucene:lucene-highlighter:8.11.3
2024-04-05 16:48:21,644 [Worker-150: Download sources and javadoc] INFO  o.e.m.c.i.e.AbstractTransferListenerAdapter - Downloading https://repo.maven.apache.org/maven2/org/apache/lucene/lucene-join/8.11.3/lucene-join-8.11.3-sources.jar
2024-04-05 16:48:21,814 [Worker-150: Download sources and javadoc] INFO  o.e.m.c.i.e.AbstractTransferListenerAdapter - Downloaded https://repo.maven.apache.org/maven2/org/apache/lucene/lucene-join/8.11.3/lucene-join-8.11.3-sources.jar
2024-04-05 16:48:21,819 [Worker-150: Download sources and javadoc] INFO  o.e.m.j.internal.DownloadSourcesJob - Downloaded sources for org.apache.lucene:lucene-join:8.11.3
2024-04-05 16:48:21,945 [Worker-150: Download sources and javadoc] INFO  o.e.m.c.i.e.AbstractTransferListenerAdapter - Downloading https://repo.maven.apache.org/maven2/org/apache/lucene/lucene-memory/8.11.3/lucene-memory-8.11.3-sources.jar
2024-04-05 16:48:21,959 [Worker-150: Download sources and javadoc] INFO  o.e.m.c.i.e.AbstractTransferListenerAdapter - Downloaded https://repo.maven.apache.org/maven2/org/apache/lucene/lucene-memory/8.11.3/lucene-memory-8.11.3-sources.jar
2024-04-05 16:48:21,970 [Worker-150: Download sources and javadoc] INFO  o.e.m.j.internal.DownloadSourcesJob - Downloaded sources for org.apache.lucene:lucene-memory:8.11.3
2024-04-05 16:48:23,065 [Worker-150: Download sources and javadoc] INFO  o.e.m.c.i.e.AbstractTransferListenerAdapter - Downloading https://repo.maven.apache.org/maven2/org/apache/lucene/lucene-misc/8.11.3/lucene-misc-8.11.3-sources.jar
2024-04-05 16:48:23,115 [Worker-150: Download sources and javadoc] INFO  o.e.m.c.i.e.AbstractTransferListenerAdapter - Downloaded https://repo.maven.apache.org/maven2/org/apache/lucene/lucene-misc/8.11.3/lucene-misc-8.11.3-sources.jar
2024-04-05 16:48:23,121 [Worker-150: Download sources and javadoc] INFO  o.e.m.j.internal.DownloadSourcesJob - Downloaded sources for org.apache.lucene:lucene-misc:8.11.3
2024-04-05 16:48:23,216 [Worker-150: Download sources and javadoc] INFO  o.e.m.c.i.e.AbstractTransferListenerAdapter - Downloading https://repo.maven.apache.org/maven2/org/apache/lucene/lucene-queries/8.11.3/lucene-queries-8.11.3-sources.jar
2024-04-05 16:48:23,667 [Worker-150: Download sources and javadoc] INFO  o.e.m.c.i.e.AbstractTransferListenerAdapter - Downloaded https://repo.maven.apache.org/maven2/org/apache/lucene/lucene-queries/8.11.3/lucene-queries-8.11.3-sources.jar
2024-04-05 16:48:23,672 [Worker-150: Download sources and javadoc] INFO  o.e.m.j.internal.DownloadSourcesJob - Downloaded sources for org.apache.lucene:lucene-queries:8.11.3
2024-04-05 16:48:23,787 [Worker-150: Download sources and javadoc] INFO  o.e.m.c.i.e.AbstractTransferListenerAdapter - Downloading https://repo.maven.apache.org/maven2/org/apache/lucene/lucene-queryparser/8.11.3/lucene-queryparser-8.11.3-sources.jar
2024-04-05 16:48:24,110 [Worker-150: Download sources and javadoc] INFO  o.e.m.c.i.e.AbstractTransferListenerAdapter - Downloaded https://repo.maven.apache.org/maven2/org/apache/lucene/lucene-queryparser/8.11.3/lucene-queryparser-8.11.3-sources.jar
2024-04-05 16:48:24,115 [Worker-150: Download sources and javadoc] INFO  o.e.m.j.internal.DownloadSourcesJob - Downloaded sources for org.apache.lucene:lucene-queryparser:8.11.3
2024-04-05 16:48:24,198 [Worker-150: Download sources and javadoc] INFO  o.e.m.c.i.e.AbstractTransferListenerAdapter - Downloading https://repo.maven.apache.org/maven2/org/apache/lucene/lucene-sandbox/8.11.3/lucene-sandbox-8.11.3-sources.jar
2024-04-05 16:48:24,290 [Worker-150: Download sources and javadoc] INFO  o.e.m.c.i.e.AbstractTransferListenerAdapter - Downloaded https://repo.maven.apache.org/maven2/org/apache/lucene/lucene-sandbox/8.11.3/lucene-sandbox-8.11.3-sources.jar
2024-04-05 16:48:24,297 [Worker-150: Download sources and javadoc] INFO  o.e.m.j.internal.DownloadSourcesJob - Downloaded sources for org.apache.lucene:lucene-sandbox:8.11.3
2024-04-05 16:48:24,388 [Worker-150: Download sources and javadoc] INFO  o.e.m.c.i.e.AbstractTransferListenerAdapter - Downloading https://repo.maven.apache.org/maven2/org/apache/lucene/lucene-spatial3d/8.11.3/lucene-spatial3d-8.11.3-sources.jar
2024-04-05 16:48:24,499 [Worker-150: Download sources and javadoc] INFO  o.e.m.c.i.e.AbstractTransferListenerAdapter - Downloaded https://repo.maven.apache.org/maven2/org/apache/lucene/lucene-spatial3d/8.11.3/lucene-spatial3d-8.11.3-sources.jar
2024-04-05 16:48:24,504 [Worker-150: Download sources and javadoc] INFO  o.e.m.j.internal.DownloadSourcesJob - Downloaded sources for org.apache.lucene:lucene-spatial3d:8.11.3
2024-04-05 16:48:24,611 [Worker-150: Download sources and javadoc] INFO  o.e.m.c.i.e.AbstractTransferListenerAdapter - Downloading https://repo.maven.apache.org/maven2/org/apache/lucene/lucene-suggest/8.11.3/lucene-suggest-8.11.3-sources.jar
2024-04-05 16:48:24,734 [Worker-150: Download sources and javadoc] INFO  o.e.m.c.i.e.AbstractTransferListenerAdapter - Downloaded https://repo.maven.apache.org/maven2/org/apache/lucene/lucene-suggest/8.11.3/lucene-suggest-8.11.3-sources.jar
2024-04-05 16:48:24,740 [Worker-150: Download sources and javadoc] INFO  o.e.m.j.internal.DownloadSourcesJob - Downloaded sources for org.apache.lucene:lucene-suggest:8.11.3
2024-04-05 16:48:24,986 [Worker-150: Download sources and javadoc] INFO  o.e.m.c.i.e.AbstractTransferListenerAdapter - Downloading https://repo.maven.apache.org/maven2/org/elasticsearch/elasticsearch-cli/7.17.19/elasticsearch-cli-7.17.19-sources.jar
2024-04-05 16:48:25,012 [Worker-150: Download sources and javadoc] INFO  o.e.m.c.i.e.AbstractTransferListenerAdapter - Downloaded https://repo.maven.apache.org/maven2/org/elasticsearch/elasticsearch-cli/7.17.19/elasticsearch-cli-7.17.19-sources.jar
2024-04-05 16:48:25,018 [Worker-150: Download sources and javadoc] INFO  o.e.m.j.internal.DownloadSourcesJob - Downloaded sources for org.elasticsearch:elasticsearch-cli:7.17.19
2024-04-05 16:48:25,128 [Worker-150: Download sources and javadoc] INFO  o.e.m.c.i.e.AbstractTransferListenerAdapter - Downloading https://repo.maven.apache.org/maven2/joda-time/joda-time/2.12.6/joda-time-2.12.6-sources.jar
2024-04-05 16:48:25,527 [Worker-150: Download sources and javadoc] INFO  o.e.m.c.i.e.AbstractTransferListenerAdapter - Downloaded https://repo.maven.apache.org/maven2/joda-time/joda-time/2.12.6/joda-time-2.12.6-sources.jar
2024-04-05 16:48:25,533 [Worker-150: Download sources and javadoc] INFO  o.e.m.j.internal.DownloadSourcesJob - Downloaded sources for joda-time:joda-time:2.12.6
2024-04-05 16:48:25,657 [Worker-150: Download sources and javadoc] INFO  o.e.m.c.i.e.AbstractTransferListenerAdapter - Downloading https://repo.maven.apache.org/maven2/net/java/dev/jna/jna/5.10.0/jna-5.10.0-sources.jar
2024-04-05 16:48:25,713 [Worker-150: Download sources and javadoc] INFO  o.e.m.c.i.e.AbstractTransferListenerAdapter - Downloaded https://repo.maven.apache.org/maven2/net/java/dev/jna/jna/5.10.0/jna-5.10.0-sources.jar
2024-04-05 16:48:25,721 [Worker-150: Download sources and javadoc] INFO  o.e.m.j.internal.DownloadSourcesJob - Downloaded sources for net.java.dev.jna:jna:5.10.0
2024-04-05 16:48:25,839 [Worker-150: Download sources and javadoc] INFO  o.e.m.c.i.e.AbstractTransferListenerAdapter - Downloading https://repo.maven.apache.org/maven2/org/elasticsearch/elasticsearch-plugin-classloader/7.17.19/elasticsearch-plugin-classloader-7.17.19-sources.jar
2024-04-05 16:48:25,858 [Worker-150: Download sources and javadoc] INFO  o.e.m.c.i.e.AbstractTransferListenerAdapter - Downloaded https://repo.maven.apache.org/maven2/org/elasticsearch/elasticsearch-plugin-classloader/7.17.19/elasticsearch-plugin-classloader-7.17.19-sources.jar
2024-04-05 16:48:25,863 [Worker-150: Download sources and javadoc] INFO  o.e.m.j.internal.DownloadSourcesJob - Downloaded sources for org.elasticsearch:elasticsearch-plugin-classloader:7.17.19
2024-04-05 16:48:26,025 [Worker-150: Download sources and javadoc] INFO  o.e.m.c.i.e.AbstractTransferListenerAdapter - Downloading https://repo.maven.apache.org/maven2/org/elasticsearch/client/elasticsearch-rest-client/7.17.19/elasticsearch-rest-client-7.17.19-sources.jar
2024-04-05 16:48:26,140 [Worker-150: Download sources and javadoc] INFO  o.e.m.c.i.e.AbstractTransferListenerAdapter - Downloaded https://repo.maven.apache.org/maven2/org/elasticsearch/client/elasticsearch-rest-client/7.17.19/elasticsearch-rest-client-7.17.19-sources.jar
2024-04-05 16:48:26,147 [Worker-150: Download sources and javadoc] INFO  o.e.m.j.internal.DownloadSourcesJob - Downloaded sources for org.elasticsearch.client:elasticsearch-rest-client:7.17.19
